<?xml version="1.0" encoding="UTF-8"?>
<!-- Generated by org.testng.reporters.JUnitReportReporter -->
<testsuite skipped="0" hostname="DESKTOP-1AGNC2D" name="seleniumconcepts.AutoComplete" tests="1" failures="0" timestamp="21 Sep 2019 16:17:49 GMT" time="15.730" errors="0">
  <testcase name="autocomplete" time="15.730" classname="seleniumconcepts.AutoComplete"/>
</testsuite> <!-- seleniumconcepts.AutoComplete -->
