<?xml version="1.0" encoding="UTF-8"?>
<!-- Generated by org.testng.reporters.JUnitReportReporter -->
<testsuite skipped="0" hostname="DESKTOP-1AGNC2D" name="seleniumconcepts.TestNGexample" tests="3" failures="0" timestamp="28 Sep 2019 08:17:23 GMT" time="0.024" errors="0">
  <testcase name="testCaseOne" time="0.003" classname="seleniumconcepts.TestNGexample"/>
  <testcase name="testCaseThree" time="0.020" classname="seleniumconcepts.TestNGexample"/>
  <testcase name="testCaseThree" time="0.001" classname="seleniumconcepts.TestNGexample"/>
</testsuite> <!-- seleniumconcepts.TestNGexample -->
